<?xml version="1.0" encoding="UTF-8"?>
<testng-results ignored="0" total="1" passed="1" failed="0" skipped="0">
  <reporter-output>
  </reporter-output>
  <suite started-at="2023-10-04T10:59:15 IST" name="Default suite" finished-at="2023-10-04T10:59:23 IST" duration-ms="7815">
    <groups>
    </groups>
    <test started-at="2023-10-04T10:59:15 IST" name="Default test" finished-at="2023-10-04T10:59:23 IST" duration-ms="7815">
      <class name="Saucedemo.ExcelrAutomation_Project3.MenuScenario">
        <test-method is-config="true" signature="setUp()[pri:0, instance:Saucedemo.ExcelrAutomation_Project3.MenuScenario@742ff096]" started-at="2023-10-04T10:59:15 IST" name="setUp" finished-at="2023-10-04T10:59:17 IST" duration-ms="2058" status="PASS">
          <reporter-output>
          </reporter-output>
        </test-method> <!-- setUp -->
        <test-method signature="menuOption()[pri:0, instance:Saucedemo.ExcelrAutomation_Project3.MenuScenario@742ff096]" started-at="2023-10-04T10:59:17 IST" name="menuOption" finished-at="2023-10-04T10:59:23 IST" duration-ms="5603" status="PASS">
          <reporter-output>
          </reporter-output>
        </test-method> <!-- menuOption -->
        <test-method is-config="true" signature="teardown()[pri:0, instance:Saucedemo.ExcelrAutomation_Project3.MenuScenario@742ff096]" started-at="2023-10-04T10:59:23 IST" name="teardown" finished-at="2023-10-04T10:59:23 IST" duration-ms="124" status="PASS">
          <reporter-output>
          </reporter-output>
        </test-method> <!-- teardown -->
      </class> <!-- Saucedemo.ExcelrAutomation_Project3.MenuScenario -->
    </test> <!-- Default test -->
  </suite> <!-- Default suite -->
</testng-results>
